<?xml version="1.0" encoding="UTF-8"?>
<!-- Generated by org.testng.reporters.JUnitReportReporter -->
<testsuite hostname="DESKTOP-52JV5C4" failures="0" tests="1" name="igameproject.mavenjava.DataDrivenTesting" time="0.717" errors="0" timestamp="2020-12-12T19:57:12 CET" skipped="0">
  <testcase classname="igameproject.mavenjava.DataDrivenTesting" name="ReadExcelFile" time="0.717"/>
  <system-out/>
</testsuite> <!-- igameproject.mavenjava.DataDrivenTesting -->
