<?xml version="1.0" encoding="UTF-8"?>
<!-- Generated by org.testng.reporters.JUnitReportReporter -->
<testsuite hostname="DESKTOP-52JV5C4" failures="0" tests="1" name="igameproject.mavenjava.TestDDT" time="0.710" errors="0" timestamp="2020-12-12T20:17:54 CET" skipped="0">
  <testcase classname="igameproject.mavenjava.TestDDT" name="testExcel" time="0.710"/>
  <system-out/>
</testsuite> <!-- igameproject.mavenjava.TestDDT -->
