<?xml version="1.0" encoding="UTF-8"?>
<!-- Generated by org.testng.reporters.JUnitReportReporter -->
<testsuite hostname="DESKTOP-52JV5C4" failures="0" tests="1" name="igameproject.mavenjava.SeleniumTest" time="0.012" errors="0" timestamp="2020-12-11T19:45:05 CET" skipped="0">
  <testcase classname="igameproject.mavenjava.SeleniumTest" name="ElementsUI" time="0.012"/>
  <system-out/>
</testsuite> <!-- igameproject.mavenjava.SeleniumTest -->
